{
    "accuracy": "0.7887(+-0.0225)",
    "accuracy_long": "0.8762(+-0.0330)",
    "accuracy_short": "0.7489(+-0.0198)",
    "hyper-parameters": {
        "batch_size": 128,
        "conv_layers": 2,
        "device": "cpu",
        "dropout": 0.0,
        "epochs": 30,
        "hid_dim": 256,
        "lamb": 1.0,
        "lr": 0.001,
        "model_path": "./models/#CONV=2_#POOL=1_Hidden=256_PoolR=0.6_RANDS=777.pth",
        "num_classes": 2,
        "num_feature": 1,
        "num_trials": 3,
        "output_path": "./output/#CONV=2_#POOL=1_Hidden=256_PoolR=0.6_RANDS=777.log",
        "patience": 100,
        "pool_layers": 1,
        "pool_ratio": 0.6,
        "print_every": 10,
        "random_seed": 777,
        "sample": true,
        "weight_decay": 0.001
    },
    "train_time": "18.1976"
}