{
    "hyper-parameters": {
        "batch_size": 512,
        "conv_layers": 3,
        "device": "cpu",
        "dropout": 0.0,
        "epochs": 1000,
        "hid_dim": 128,
        "lamb": 1.0,
        "lr": 0.001,
        "num_classes": 2,
        "num_feature": 1,
        "num_trials": 1,
        "output_path": "./output/Hidden=128_Pool=0.5_WeightDecay=0.001_Lr=0.001_Sample=True.log",
        "patience": 100,
        "pool_ratio": 0.5,
        "print_every": 10,
        "sample": true,
        "weight_decay": 0.001
    },
    "result": "0.6607(+-nan)",
    "result_long": "0.8065(+-nan)",
    "result_short": "0.6049(+-nan)",
    "train_time": "21.3578"
}